  Could Not Find D:\Piano-FX-Pro\PianoFromAbove\PianoFromAbove.vcxproj.user
  Microsoft (R) Build Engine version 16.11.2+f32259642 for .NET Framework
  Copyright (C) Microsoft Corporation. All rights reserved.
  
  Building the projects in this solution one at a time. To enable parallel build, please add the "-m" switch.
  Build started 12/17/2024 1:13:27 PM.
  Project "D:\Piano-FX-Pro\Piano-FX-Pro.sln" on node 1 (Clean target(s)).
  ValidateSolutionConfiguration:
    Building solution configuration "Release|x64".
  Project "D:\Piano-FX-Pro\Piano-FX-Pro.sln" (1) is building "D:\Piano-FX-Pro\PianoFromAbove\PianoFromAbove.vcxproj" (2) on node 1 (Clean target(s)).
  _PrepareForClean:
    Deleting file "Release\PianoFromAbove.tlog\PianoFromAbove.lastbuildstate".
  Done Building Project "D:\Piano-FX-Pro\PianoFromAbove\PianoFromAbove.vcxproj" (Clean target(s)).
  Done Building Project "D:\Piano-FX-Pro\Piano-FX-Pro.sln" (Clean target(s)).
  
  Build succeeded.
      0 Warning(s)
      0 Error(s)
  
  Time Elapsed 00:00:00.27
  Microsoft (R) Build Engine version 16.11.2+f32259642 for .NET Framework
  Copyright (C) Microsoft Corporation. All rights reserved.
  
  Building the projects in this solution one at a time. To enable parallel build, please add the "-m" switch.
  Build started 12/17/2024 1:13:27 PM.
  Project "D:\Piano-FX-Pro\Colorizer\Colorizer.sln" on node 1 (Clean target(s)).
  ValidateSolutionConfiguration:
    Building solution configuration "Release|x64".
  Project "D:\Piano-FX-Pro\Colorizer\Colorizer.sln" (1) is building "D:\Piano-FX-Pro\Colorizer\Colorizer\Colorizer.csproj" (2) on node 1 (Clean target(s)).
  CoreClean:
    Creating directory "obj\Release\".
  Done Building Project "D:\Piano-FX-Pro\Colorizer\Colorizer\Colorizer.csproj" (Clean target(s)).
  Done Building Project "D:\Piano-FX-Pro\Colorizer\Colorizer.sln" (Clean target(s)).
  
  Build succeeded.
      0 Warning(s)
      0 Error(s)
  
  Time Elapsed 00:00:00.21
  Microsoft (R) Build Engine version 16.11.2+f32259642 for .NET Framework
  Copyright (C) Microsoft Corporation. All rights reserved.
  
  Building the projects in this solution one at a time. To enable parallel build, please add the "-m" switch.
  Build started 12/17/2024 1:13:28 PM.
  Project "D:\Piano-FX-Pro\PFXGDI\PFXGDI.sln" on node 1 (Clean target(s)).
  ValidateSolutionConfiguration:
    Building solution configuration "Release|x86".
  Project "D:\Piano-FX-Pro\PFXGDI\PFXGDI.sln" (1) is building "D:\Piano-FX-Pro\PFXGDI\PFXGDI\PFXGDI.vcxproj" (2) on node 1 (Clean target(s)).
  CoreClean:
    Creating directory "Release\".
  Done Building Project "D:\Piano-FX-Pro\PFXGDI\PFXGDI\PFXGDI.vcxproj" (Clean target(s)).
  Done Building Project "D:\Piano-FX-Pro\PFXGDI\PFXGDI.sln" (Clean target(s)).
  
  Build succeeded.
      0 Warning(s)
      0 Error(s)
  
  Time Elapsed 00:00:00.24
  Could Not Find D:\Piano-FX-Pro\PianoFromAbove\PFXGDI.exe
  Microsoft (R) Build Engine version 16.11.2+f32259642 for .NET Framework
  Copyright (C) Microsoft Corporation. All rights reserved.
  
  Building the projects in this solution one at a time. To enable parallel build, please add the "-m" switch.
  Build started 12/17/2024 1:13:28 PM.
  Project "D:\Piano-FX-Pro\Colorizer\Colorizer.sln" on node 1 (Rebuild target(s)).
  ValidateSolutionConfiguration:
    Building solution configuration "Release|x64".
  Project "D:\Piano-FX-Pro\Colorizer\Colorizer.sln" (1) is building "D:\Piano-FX-Pro\Colorizer\Colorizer\Colorizer.csproj" (2) on node 1 (Rebuild target(s)).
  PreBuildEvent:
    cd ..\Colorizer\Colorizer
    del .\Colorizer.csproj.user /f /q
    Could Not Find D:\Piano-FX-Pro\Colorizer\Colorizer\Colorizer.csproj.user
  GenerateBindingRedirects:
    No suggested binding redirects from ResolveAssemblyReferences.
  CoreCompile:
    C:\Program Files (x86)\Microsoft Visual Studio\2019\Community\MSBuild\Current\Bin\Roslyn\csc.exe /noconfig /unsafe+ /nowarn:1701,1702 /fullpaths /nostdlib+ /platform:x64 /errorreport:prompt /warn:4 /highentropyva+ /reference:"C:\Program Files (x86)\Reference Assemblies\Microsoft\Framework\.NETFramework\v4.7.2\Microsoft.CSharp.dll" /reference:"C:\Program Files (x86)\Reference Assemblies\Microsoft\Framework\.NETFramework\v4.7.2\mscorlib.dll" /reference:"C:\Program Files (x86)\Reference Assemblies\Microsoft\Framework\.NETFramework\v4.7.2\System.Core.dll" /reference:"C:\Program Files (x86)\Reference Assemblies\Microsoft\Framework\.NETFramework\v4.7.2\System.Data.DataSetExtensions.dll" /reference:"C:\Program Files (x86)\Reference Assemblies\Microsoft\Framework\.NETFramework\v4.7.2\System.Data.dll" /reference:"C:\Program Files (x86)\Reference Assemblies\Microsoft\Framework\.NETFramework\v4.7.2\System.dll" /reference:"C:\Program Files (x86)\Reference Assemblies\Microsoft\Framework\.NETFramework\v4.7.2\System.Net.Http.dll" /reference:"C:\Program Files (x86)\Reference Assemblies\Microsoft\Framework\.NETFramework\v4.7.2\System.Xml.dll" /reference:"C:\Program Files (x86)\Reference Assemblies\Microsoft\Framework\.NETFramework\v4.7.2\System.Xml.Linq.dll" /debug- /filealign:512 /optimize+ /out:obj\Release\Colorizer.exe /subsystemversion:6.00 /target:exe /utf8output /deterministic+ /langversion:7.3 mmf\BatchBlockingCollection.cs mmf\BufferByteReader.cs mmf\ChannelEvent.cs mmf\ChannelModeMessageEvent.cs mmf\ChannelPrefixEvent.cs mmf\ChannelPressureEvent.cs mmf\ColorEvent.cs mmf\ControlChangeEvent.cs mmf\CustomEvent.cs mmf\EndOfExclusiveEvent.cs mmf\EventParser.cs mmf\EventSequenceExtensions.cs mmf\FastList.cs mmf\Fields.cs mmf\IByteReader.cs mmf\Keep.cs mmf\KeySignatureEvent.cs mmf\Lines.cs mmf\Loop.cs mmf\MajorMidiMessageEvent.cs mmf\MathHelper.cs mmf\Mergers.cs mmf\MIDIEvent.cs mmf\MidiFile.cs mmf\MIDIPortEvent.cs mmf\MidiWriter.cs mmf\Note.cs mmf\NoteConversion.cs mmf\NoteEvent.cs mmf\NoteOffEvent.cs mmf\NoteOnEvent.cs mmf\NoteSequenceExtensions.cs mmf\NoteSequenceFunctions.cs mmf\ParallelStream.cs mmf\PitchWheelChangeEvent.cs mmf\PolyphonicKeyPressureEvent.cs mmf\ProgramChangeEvent.cs mmf\SequenceFunctions.cs mmf\SMPTEOffsetEvent.cs mmf\SongPositionPointerEvent.cs mmf\SongSelectEvent.cs mmf\SystemExclusiveMessageEvent.cs mmf\TempoEvent.cs mmf\TextEvent.cs mmf\ThreadedSequenceFunctions.cs mmf\TimeSignatureEvent.cs mmf\TrackNote.cs mmf\TrackStartEvent.cs mmf\TransformExtensions.cs mmf\TuneRequestEvent.cs mmf\UndefinedEvent.cs mmf\XZ.cs Program.cs Properties\AssemblyInfo.cs "obj\Release\.NETFramework,Version=v4.7.2.AssemblyAttributes.cs"
D:\Piano-FX-Pro\Colorizer\Colorizer\mmf\MidiFile.cs(73,16): warning CS0169: The field 'MidiFile.filepath' is never used [D:\Piano-FX-Pro\Colorizer\Colorizer\Colorizer.csproj]
D:\Piano-FX-Pro\Colorizer\Colorizer\mmf\MidiFile.cs(28,13): warning CS0414: The field 'MidiFile.readBufferSize' is assigned but its value is never used [D:\Piano-FX-Pro\Colorizer\Colorizer\Colorizer.csproj]
D:\Piano-FX-Pro\Colorizer\Colorizer\mmf\ParallelStream.cs(62,14): warning CS0414: The field 'ParallelStreamIO.locked' is assigned but its value is never used [D:\Piano-FX-Pro\Colorizer\Colorizer\Colorizer.csproj]
    CompilerServer: server - server processed compilation - 766abca2-0670-4ebb-9660-7e393235eba9
  GenerateSerializationAssemblies:
    C:\Program Files (x86)\Microsoft SDKs\Windows\v10.0A\bin\NETFX 4.8 Tools\x64\sgen.exe /assembly:D:\Piano-FX-Pro\Colorizer\Colorizer\obj\Release\Colorizer.exe /proxytypes /reference:"C:\Program Files (x86)\Reference Assemblies\Microsoft\Framework\.NETFramework\v4.7.2\Microsoft.CSharp.dll,C:\Program Files (x86)\Reference Assemblies\Microsoft\Framework\.NETFramework\v4.7.2\mscorlib.dll,C:\Program Files (x86)\Reference Assemblies\Microsoft\Framework\.NETFramework\v4.7.2\System.Core.dll,C:\Program Files (x86)\Reference Assemblies\Microsoft\Framework\.NETFramework\v4.7.2\System.Data.DataSetExtensions.dll,C:\Program Files (x86)\Reference Assemblies\Microsoft\Framework\.NETFramework\v4.7.2\System.Data.dll,C:\Program Files (x86)\Reference Assemblies\Microsoft\Framework\.NETFramework\v4.7.2\System.dll,C:\Program Files (x86)\Reference Assemblies\Microsoft\Framework\.NETFramework\v4.7.2\System.Net.Http.dll,C:\Program Files (x86)\Reference Assemblies\Microsoft\Framework\.NETFramework\v4.7.2\System.Xml.dll,C:\Program Files (x86)\Reference Assemblies\Microsoft\Framework\.NETFramework\v4.7.2\System.Xml.Linq.dll" 
  _CopyAppConfigFile:
    Copying file from "D:\Piano-FX-Pro\Colorizer\Colorizer\App.config" to "D:\Piano-FX-Pro\PianoFromAbove\Colorizer.exe.config".
  CopyFilesToOutputDirectory:
    Copying file from "D:\Piano-FX-Pro\Colorizer\Colorizer\obj\Release\Colorizer.exe" to "D:\Piano-FX-Pro\PianoFromAbove\Colorizer.exe".
    Colorizer -> D:\Piano-FX-Pro\PianoFromAbove\Colorizer.exe
  PostBuildEvent:
    rem IDK why this one runs inside ..\..\PianoFromAbove, so let's CD to the correct DIR here: 
    cd ..\Colorizer\Colorizer
    del ..\..\PianoFromAbove\Colorizer.exe.config /f /q
    del .\Colorizer.csproj.user /f /q
    del ..\.vs /f /s /q
    rmdir ..\.vs /s /q
    del .\obj /f /s /q
    rmdir .\obj /s /q
    Could Not Find D:\Piano-FX-Pro\Colorizer\Colorizer\Colorizer.csproj.user
    Could Not Find D:\Piano-FX-Pro\Colorizer\.vs
    The system cannot find the file specified.
    Deleted file - D:\Piano-FX-Pro\Colorizer\Colorizer\obj\Release\.NETFramework,Version=v4.7.2.AssemblyAttributes.cs
    Deleted file - D:\Piano-FX-Pro\Colorizer\Colorizer\obj\Release\Colorizer.csproj.AssemblyReference.cache
    Deleted file - D:\Piano-FX-Pro\Colorizer\Colorizer\obj\Release\Colorizer.csproj.CoreCompileInputs.cache
    Deleted file - D:\Piano-FX-Pro\Colorizer\Colorizer\obj\Release\Colorizer.csproj.FileListAbsolute.txt
    Deleted file - D:\Piano-FX-Pro\Colorizer\Colorizer\obj\Release\Colorizer.exe
  Done Building Project "D:\Piano-FX-Pro\Colorizer\Colorizer\Colorizer.csproj" (Rebuild target(s)).
  Done Building Project "D:\Piano-FX-Pro\Colorizer\Colorizer.sln" (Rebuild target(s)).
  
  Build succeeded.
  
  "D:\Piano-FX-Pro\Colorizer\Colorizer.sln" (Rebuild target) (1) ->
  "D:\Piano-FX-Pro\Colorizer\Colorizer\Colorizer.csproj" (Rebuild target) (2) ->
  (CoreCompile target) -> 
D:\Piano-FX-Pro\Colorizer\Colorizer\mmf\MidiFile.cs(73,16): warning CS0169: The field 'MidiFile.filepath' is never used [D:\Piano-FX-Pro\Colorizer\Colorizer\Colorizer.csproj]
D:\Piano-FX-Pro\Colorizer\Colorizer\mmf\MidiFile.cs(28,13): warning CS0414: The field 'MidiFile.readBufferSize' is assigned but its value is never used [D:\Piano-FX-Pro\Colorizer\Colorizer\Colorizer.csproj]
D:\Piano-FX-Pro\Colorizer\Colorizer\mmf\ParallelStream.cs(62,14): warning CS0414: The field 'ParallelStreamIO.locked' is assigned but its value is never used [D:\Piano-FX-Pro\Colorizer\Colorizer\Colorizer.csproj]
  
      3 Warning(s)
      0 Error(s)
  
  Time Elapsed 00:00:01.53
  Microsoft (R) Build Engine version 16.11.2+f32259642 for .NET Framework
  Copyright (C) Microsoft Corporation. All rights reserved.
  
  Building the projects in this solution one at a time. To enable parallel build, please add the "-m" switch.
  Build started 12/17/2024 1:13:30 PM.
  Project "D:\Piano-FX-Pro\PFXGDI\PFXGDI.sln" on node 1 (Rebuild target(s)).
  ValidateSolutionConfiguration:
    Building solution configuration "Release|x86".
  Project "D:\Piano-FX-Pro\PFXGDI\PFXGDI.sln" (1) is building "D:\Piano-FX-Pro\PFXGDI\PFXGDI\PFXGDI.vcxproj" (2) on node 1 (Rebuild target(s)).
  PrepareForBuild:
    Creating directory "Release\PFXGDI.tlog\".
  InitializeBuildStatus:
    Creating "Release\PFXGDI.tlog\unsuccessfulbuild" because "AlwaysCreate" was specified.
  PreBuildEvent:
    del .\PFXGDI.vcxproj.user /f /q
    :VCEnd
    Could Not Find D:\Piano-FX-Pro\PFXGDI\PFXGDI\PFXGDI.vcxproj.user
  ClCompile:
    C:\Program Files (x86)\Microsoft Visual Studio\2019\Community\VC\Tools\MSVC\14.29.30133\bin\HostX86\x86\CL.exe /c /Zi /nologo /W4 /WX- /diagnostics:column /sdl /O2 /Oi /Oy- /GL /D WIN32 /D NDEBUG /D _CONSOLE /D _UNICODE /D UNICODE /Gm- /EHsc /MD /GS /Gy /fp:precise /permissive- /Zc:wchar_t /Zc:forScope /Zc:inline /Fo"Release\\" /Fd"Release\vc142.pdb" /external:W4 /Gd /TP /analyze- /FC /errorReport:queue Source.cpp
    Source.cpp
D:\Piano-FX-Pro\PFXGDI\PFXGDI\Source.cpp(111,73): warning C4100: 'nCmdShow': unreferenced formal parameter [D:\Piano-FX-Pro\PFXGDI\PFXGDI\PFXGDI.vcxproj]
D:\Piano-FX-Pro\PFXGDI\PFXGDI\Source.cpp(111,59): warning C4100: 'pCmdLine': unreferenced formal parameter [D:\Piano-FX-Pro\PFXGDI\PFXGDI\PFXGDI.vcxproj]
D:\Piano-FX-Pro\PFXGDI\PFXGDI\Source.cpp(111,31): warning C4100: 'hInstance': unreferenced formal parameter [D:\Piano-FX-Pro\PFXGDI\PFXGDI\PFXGDI.vcxproj]
  Link:
    C:\Program Files (x86)\Microsoft Visual Studio\2019\Community\VC\Tools\MSVC\14.29.30133\bin\HostX86\x86\link.exe /ERRORREPORT:QUEUE /OUT:"..\..\PianoFromAbove\PFXGDI.exe" /INCREMENTAL:NO /NOLOGO kernel32.lib user32.lib gdi32.lib winspool.lib comdlg32.lib advapi32.lib shell32.lib ole32.lib oleaut32.lib uuid.lib odbc32.lib odbccp32.lib /MANIFEST /MANIFESTUAC:"level='asInvoker' uiAccess='false'" /manifest:embed /PDB:"..\..\PianoFromAbove\PFXGDI.pdb" /SUBSYSTEM:WINDOWS /OPT:REF /OPT:ICF /LTCG:incremental /LTCGOUT:"Release\PFXGDI.iobj" /TLBID:1 /DYNAMICBASE:NO /NXCOMPAT:NO /IMPLIB:"..\..\PianoFromAbove\PFXGDI.lib" /MACHINE:X86 /SAFESEH Release\Source.obj
    Generating code
    Previous IPDB not found, fall back to full compilation.
    All 3 functions were compiled because no usable IPDB/IOBJ from previous compilation was found.
    Finished generating code
    PFXGDI.vcxproj -> D:\Piano-FX-Pro\PianoFromAbove\PFXGDI.exe
  PostBuildEvent:
    del .\PFXGDI.vcxproj.user /f /q
    del ..\.vs /f /s /q
    rmdir ..\.vs /s /q
    del .\Release /f /s /q
    rmdir .\Release /s /q
    :VCEnd
    Could Not Find D:\Piano-FX-Pro\PFXGDI\PFXGDI\PFXGDI.vcxproj.user
    Could Not Find D:\Piano-FX-Pro\PFXGDI\.vs
    The system cannot find the file specified.
    Deleted file - D:\Piano-FX-Pro\PFXGDI\PFXGDI\Release\PFXGDI.Build.CppClean.log
    Deleted file - D:\Piano-FX-Pro\PFXGDI\PFXGDI\Release\PFXGDI.exe.recipe
    Deleted file - D:\Piano-FX-Pro\PFXGDI\PFXGDI\Release\PFXGDI.iobj
    Deleted file - D:\Piano-FX-Pro\PFXGDI\PFXGDI\Release\PFXGDI.ipdb
    Deleted file - D:\Piano-FX-Pro\PFXGDI\PFXGDI\Release\PFXGDI.vcxproj.FileListAbsolute.txt
    Deleted file - D:\Piano-FX-Pro\PFXGDI\PFXGDI\Release\Source.obj
    Deleted file - D:\Piano-FX-Pro\PFXGDI\PFXGDI\Release\vc142.pdb
    Deleted file - D:\Piano-FX-Pro\PFXGDI\PFXGDI\Release\PFXGDI.tlog\CL.command.1.tlog
    Deleted file - D:\Piano-FX-Pro\PFXGDI\PFXGDI\Release\PFXGDI.tlog\CL.read.1.tlog
    Deleted file - D:\Piano-FX-Pro\PFXGDI\PFXGDI\Release\PFXGDI.tlog\CL.write.1.tlog
    Deleted file - D:\Piano-FX-Pro\PFXGDI\PFXGDI\Release\PFXGDI.tlog\link.command.1.tlog
    Deleted file - D:\Piano-FX-Pro\PFXGDI\PFXGDI\Release\PFXGDI.tlog\link.read.1.tlog
    Deleted file - D:\Piano-FX-Pro\PFXGDI\PFXGDI\Release\PFXGDI.tlog\link.write.1.tlog
    Deleted file - D:\Piano-FX-Pro\PFXGDI\PFXGDI\Release\PFXGDI.tlog\PFXGDI.lastbuildstate
    Deleted file - D:\Piano-FX-Pro\PFXGDI\PFXGDI\Release\PFXGDI.tlog\unsuccessfulbuild
  Done Building Project "D:\Piano-FX-Pro\PFXGDI\PFXGDI\PFXGDI.vcxproj" (Rebuild target(s)).
  Done Building Project "D:\Piano-FX-Pro\PFXGDI\PFXGDI.sln" (Rebuild target(s)).
  
  Build succeeded.
  
  "D:\Piano-FX-Pro\PFXGDI\PFXGDI.sln" (Rebuild target) (1) ->
  "D:\Piano-FX-Pro\PFXGDI\PFXGDI\PFXGDI.vcxproj" (Rebuild target) (2) ->
  (ClCompile target) -> 
D:\Piano-FX-Pro\PFXGDI\PFXGDI\Source.cpp(111,73): warning C4100: 'nCmdShow': unreferenced formal parameter [D:\Piano-FX-Pro\PFXGDI\PFXGDI\PFXGDI.vcxproj]
D:\Piano-FX-Pro\PFXGDI\PFXGDI\Source.cpp(111,59): warning C4100: 'pCmdLine': unreferenced formal parameter [D:\Piano-FX-Pro\PFXGDI\PFXGDI\PFXGDI.vcxproj]
D:\Piano-FX-Pro\PFXGDI\PFXGDI\Source.cpp(111,31): warning C4100: 'hInstance': unreferenced formal parameter [D:\Piano-FX-Pro\PFXGDI\PFXGDI\PFXGDI.vcxproj]
  
      3 Warning(s)
      0 Error(s)
  
  Time Elapsed 00:00:01.34
  compilation header save succeeded; see D:\Piano-FX-Pro\PianoFromAbove\BackgroundPixelShader.h
  compilation header save succeeded; see D:\Piano-FX-Pro\PianoFromAbove\BackgroundVertexShader.h
  compilation header save succeeded; see D:\Piano-FX-Pro\PianoFromAbove\NotePixelShader.h
  compilation header save succeeded; see D:\Piano-FX-Pro\PianoFromAbove\NoteVertexShader.h
  compilation header save succeeded; see D:\Piano-FX-Pro\PianoFromAbove\RectPixelShader.h
  compilation header save succeeded; see D:\Piano-FX-Pro\PianoFromAbove\RectVertexShader.h
clang-cl : warning : argument unused during compilation: '/arch:IA32' [-Wunused-command-line-argument]
ConfigProcs.cpp(673,41): warning : missing field 'top' initializer [-Wmissing-field-initializers]
ConfigProcs.cpp(745,66): warning : missing field 'flags' initializer [-Wmissing-field-initializers]
ConfigProcs.cpp(749,53): warning : missing field 'top' initializer [-Wmissing-field-initializers]
ConfigProcs.cpp(788,43): warning : comparison of integers of different signs: 'int' and 'unsigned long long' [-Wsign-compare]
GameState.cpp(243,29): warning : 19 enumeration values not handled in switch: 'LZMA_NO_CHECK', 'LZMA_UNSUPPORTED_CHECK', 'LZMA_GET_CHECK'... [-Wswitch]
GameState.cpp(339,30): warning : comparison of integers of different signs: 'int' and 'std::vector<unsigned int>::size_type' (aka 'unsigned long long') [-Wsign-compare]
GameState.cpp(1174,52): warning : comparison of integers of different signs: 'long long' and 'size_t' (aka 'unsigned long long') [-Wsign-compare]
GameState.cpp(1177,34): warning : comparison of integers of different signs: 'long long' and 'size_t' (aka 'unsigned long long') [-Wsign-compare]
GameState.cpp(1182,52): warning : comparison of integers of different signs: 'long long' and 'size_t' (aka 'unsigned long long') [-Wsign-compare]
GameState.cpp(1185,34): warning : comparison of integers of different signs: 'long long' and 'size_t' (aka 'unsigned long long') [-Wsign-compare]
GameState.cpp(1200,29): warning : comparison of integers of different signs: 'long long' and 'size_t' (aka 'unsigned long long') [-Wsign-compare]
GameState.cpp(1264,52): warning : comparison of integers of different signs: 'long long' and 'size_t' (aka 'unsigned long long') [-Wsign-compare]
GameState.cpp(1267,34): warning : comparison of integers of different signs: 'long long' and 'size_t' (aka 'unsigned long long') [-Wsign-compare]
GameState.cpp(1272,52): warning : comparison of integers of different signs: 'long long' and 'size_t' (aka 'unsigned long long') [-Wsign-compare]
GameState.cpp(1275,34): warning : comparison of integers of different signs: 'long long' and 'size_t' (aka 'unsigned long long') [-Wsign-compare]
GameState.cpp(1675,64): warning : comparison of integers of different signs: 'uint32_t' (aka 'unsigned int') and 'int' [-Wsign-compare]
GameState.cpp(1678,127): warning : comparison of integers of different signs: 'uint32_t' (aka 'unsigned int') and 'int' [-Wsign-compare]
GameState.cpp(1962,34): warning : comparison of integers of different signs: 'long long' and 'std::vector<MIDIChannelEvent *>::size_type' (aka 'unsigned long long') [-Wsign-compare]
GameState.cpp(2347,106): warning : missing field 'right' initializer [-Wmissing-field-initializers]
MainProcs.cpp(947,58): warning : missing field 'time' initializer [-Wmissing-field-initializers]
MainProcs.cpp(1167,27): warning : unused variable 'cVisual' [-Wunused-variable]
PianoFromAbove.cpp(53,5): warning : 'freopen' is deprecated: This function or variable may be unsafe. Consider using freopen_s instead. To disable deprecation, use _CRT_SECURE_NO_WARNINGS. See online help for details. [-Wdeprecated-declarations]
C:\Program Files (x86)\Windows Kits\10\Include\10.0.19041.0\ucrt\stdio.h(247,20): message : 'freopen' has been explicitly marked deprecated here
C:\Program Files (x86)\Microsoft Visual Studio\2019\Community\VC\Tools\MSVC\14.29.30133\include\vcruntime.h(320,55): message : expanded from macro '_CRT_INSECURE_DEPRECATE'
C:\Program Files (x86)\Microsoft Visual Studio\2019\Community\VC\Tools\MSVC\14.29.30133\include\vcruntime.h(310,47): message : expanded from macro '_CRT_DEPRECATE_TEXT'
PianoFromAbove.cpp(167,35): warning : 'mbstowcs' is deprecated: This function or variable may be unsafe. Consider using mbstowcs_s instead. To disable deprecation, use _CRT_SECURE_NO_WARNINGS. See online help for details. [-Wdeprecated-declarations]
C:\Program Files (x86)\Windows Kits\10\Include\10.0.19041.0\ucrt\stdlib.h(924,1): message : 'mbstowcs' has been explicitly marked deprecated here
C:\Program Files (x86)\Windows Kits\10\Include\10.0.19041.0\ucrt\corecrt.h(877,5): message : expanded from macro '__DEFINE_CPP_OVERLOAD_STANDARD_NFUNC_0_2_SIZE'
C:\Program Files (x86)\Windows Kits\10\Include\10.0.19041.0\ucrt\corecrt.h(1948,17): message : expanded from macro '__DEFINE_CPP_OVERLOAD_STANDARD_NFUNC_0_2_SIZE_EX'
C:\Program Files (x86)\Microsoft Visual Studio\2019\Community\VC\Tools\MSVC\14.29.30133\include\vcruntime.h(320,55): message : expanded from macro '_CRT_INSECURE_DEPRECATE'
C:\Program Files (x86)\Microsoft Visual Studio\2019\Community\VC\Tools\MSVC\14.29.30133\include\vcruntime.h(310,47): message : expanded from macro '_CRT_DEPRECATE_TEXT'
PianoFromAbove.cpp(169,9): warning : 'mbstowcs' is deprecated: This function or variable may be unsafe. Consider using mbstowcs_s instead. To disable deprecation, use _CRT_SECURE_NO_WARNINGS. See online help for details. [-Wdeprecated-declarations]
C:\Program Files (x86)\Windows Kits\10\Include\10.0.19041.0\ucrt\stdlib.h(924,1): message : 'mbstowcs' has been explicitly marked deprecated here
C:\Program Files (x86)\Windows Kits\10\Include\10.0.19041.0\ucrt\corecrt.h(877,5): message : expanded from macro '__DEFINE_CPP_OVERLOAD_STANDARD_NFUNC_0_2_SIZE'
C:\Program Files (x86)\Windows Kits\10\Include\10.0.19041.0\ucrt\corecrt.h(1948,17): message : expanded from macro '__DEFINE_CPP_OVERLOAD_STANDARD_NFUNC_0_2_SIZE_EX'
C:\Program Files (x86)\Microsoft Visual Studio\2019\Community\VC\Tools\MSVC\14.29.30133\include\vcruntime.h(320,55): message : expanded from macro '_CRT_INSECURE_DEPRECATE'
C:\Program Files (x86)\Microsoft Visual Studio\2019\Community\VC\Tools\MSVC\14.29.30133\include\vcruntime.h(310,47): message : expanded from macro '_CRT_DEPRECATE_TEXT'
PianoFromAbove.cpp(69,13): warning : jump from this goto statement to its label is a Microsoft extension [-Wmicrosoft-goto]
PianoFromAbove.cpp(188,9): message : jump bypasses variable initialization
PianoFromAbove.cpp(151,12): message : jump bypasses variable initialization
PianoFromAbove.cpp(130,23): message : jump bypasses variable initialization
PianoFromAbove.cpp(129,19): message : jump bypasses variable initialization
PianoFromAbove.cpp(128,13): message : jump bypasses variable initialization
PianoFromAbove.cpp(91,13): message : jump bypasses variable initialization
  PianoFromAbove.vcxproj -> D:\Piano-FX-Pro\Release\Piano-FX-Pro.exe
          1 file(s) copied.
  Microsoft (R) Build Engine version 16.11.2+f32259642 for .NET Framework
  Copyright (C) Microsoft Corporation. All rights reserved.
  
  Building the projects in this solution one at a time. To enable parallel build, please add the "-m" switch.
  Build started 12/17/2024 1:14:57 PM.
  Project "D:\Piano-FX-Pro\Piano-FX-Pro.sln" on node 1 (Clean target(s)).
  ValidateSolutionConfiguration:
    Building solution configuration "Release|x64".
  Done Building Project "D:\Piano-FX-Pro\Piano-FX-Pro.sln" (Clean target(s)).
  
  Build succeeded.
      0 Warning(s)
      0 Error(s)
  
  Time Elapsed 00:00:00.28
  Could Not Find D:\Piano-FX-Pro\PianoFromAbove\PianoFromAbove.vcxproj.user
  D:\Piano-FX-Pro\.vs\Piano-FX-Pro\v16\Browse.VC.db
  The process cannot access the file because it is being used by another process.
  D:\Piano-FX-Pro\.vs\Piano-FX-Pro\v16\Browse.VC.db-shm
  The process cannot access the file because it is being used by another process.
  D:\Piano-FX-Pro\.vs\Piano-FX-Pro\v16\Browse.VC.db-wal
  The process cannot access the file because it is being used by another process.
  Deleted file - D:\Piano-FX-Pro\.vs\Piano-FX-Pro\v16\ipch\AutoPCH\130ad7440e84df4b\CONSOLETEXTBOX.ipch
  Deleted file - D:\Piano-FX-Pro\.vs\Piano-FX-Pro\v16\ipch\AutoPCH\321615c3466b8de3\STUDIO.ipch
  Deleted file - D:\Piano-FX-Pro\.vs\Piano-FX-Pro\v16\ipch\AutoPCH\359f7d105252bde3\TAB1MAIN.ipch
  Deleted file - D:\Piano-FX-Pro\.vs\Piano-FX-Pro\v16\ipch\AutoPCH\5ea33dede9a0778d\TEXTBOXMANAGERINIT.ipch
  Deleted file - D:\Piano-FX-Pro\.vs\Piano-FX-Pro\v16\ipch\AutoPCH\638ce1379d31d9eb\TEXTBOXMANAGER.ipch
  Deleted file - D:\Piano-FX-Pro\.vs\Piano-FX-Pro\v16\ipch\AutoPCH\7aec0a84430c0db9\TABSWITCHERMAIN.ipch
  Deleted file - D:\Piano-FX-Pro\.vs\Piano-FX-Pro\v16\ipch\AutoPCH\810b046cb6486037\TOUCHEVENTLISTENERINIT.ipch
  Deleted file - D:\Piano-FX-Pro\.vs\Piano-FX-Pro\v16\ipch\AutoPCH\81d04587536518a6\CONSOLEFILLINGTOOL.ipch
  Deleted file - D:\Piano-FX-Pro\.vs\Piano-FX-Pro\v16\ipch\AutoPCH\8a9f2c4f0aeb647c\CLOSEBTN.ipch
  Deleted file - D:\Piano-FX-Pro\.vs\Piano-FX-Pro\v16\ipch\AutoPCH\987c5d5cab345afd\TAB1MAIN.ipch
  Deleted file - D:\Piano-FX-Pro\.vs\Piano-FX-Pro\v16\ipch\AutoPCH\da227a88ae3f15d6\WIN32MESSAGEPROCESSOR.ipch
  ..\.vs\PIANO-~1\v16\Browse.VC.db - The process cannot access the file because it is being used by another process.
  ..\.vs\PIANO-~1\v16\Browse.VC.db-shm - The process cannot access the file because it is being used by another process.
  ..\.vs\PIANO-~1\v16\Browse.VC.db-wal - The process cannot access the file because it is being used by another process.
  ..\.vs\PIANO-~1\v16\Browse.VC.opendb - The process cannot access the file because it is being used by another process.
  Deleted file - D:\Piano-FX-Pro\PianoFromAbove\Release\Piano-FX-Pro.Build.CppClean.log
  Deleted file - D:\Piano-FX-Pro\PianoFromAbove\Release\Piano-FX-Pro.exe.recipe
  D:\Piano-FX-Pro\PianoFromAbove\Release\PianoFromAbove.log
  The process cannot access the file because it is being used by another process.
  Deleted file - D:\Piano-FX-Pro\PianoFromAbove\Release\PianoFromAbove.vcxproj.FileListAbsolute.txt
  Deleted file - D:\Piano-FX-Pro\PianoFromAbove\Release\PianoFromAbove.tlog\unsuccessfulbuild
  .\Release\PianoFromAbove.log - The process cannot access the file because it is being used by another process.
          1 file(s) moved.
